<?xml version="1.0" encoding="utf-8"?><testsuites name="pytest tests"><testsuite name="pytest" errors="0" failures="0" skipped="0" tests="6" time="0.721" timestamp="2026-05-05T18:32:59.257822+00:00" hostname="agent-env-360ca325-0ccd-49b1-b68d-e3425578144f"><testcase classname="backend.tests.test_external_portpass_backend.TestPublicEndpoints" name="test_works_returns_200_and_list" time="0.178" /><testcase classname="backend.tests.test_external_portpass_backend.TestPublicEndpoints" name="test_stats_returns_200_and_shape" time="0.060" /><testcase classname="backend.tests.test_external_portpass_backend.TestPublicEndpoints" name="test_history_returns_200_and_list_with_limit" time="0.065" /><testcase classname="backend.tests.test_external_portpass_backend.TestAuthGating" name="test_me_requires_token" time="0.060" /><testcase classname="backend.tests.test_external_portpass_backend.TestAuthGating" name="test_me_with_bogus_token_rejected" time="0.058" /><testcase classname="backend.tests.test_external_portpass_backend.TestAuthGating" name="test_session_exchange_rejects_bogus_session_id" time="0.155" /></testsuite></testsuites>