<?xml version="1.0" encoding="utf-8"?><testsuites name="pytest tests"><testsuite name="pytest" errors="0" failures="0" skipped="0" tests="17" time="8.403" timestamp="2026-05-05T17:59:31.530560+00:00" hostname="agent-env-eb4c5836-043c-4dd0-9b6c-abf3c914bec2"><testcase classname="backend.tests.test_portpasslh_auth.TestAuthEndpoints" name="test_me_without_token_returns_401" time="0.586" /><testcase classname="backend.tests.test_portpasslh_auth.TestAuthEndpoints" name="test_me_with_admin_token" time="1.732" /><testcase classname="backend.tests.test_portpasslh_auth.TestAuthEndpoints" name="test_me_with_user_token" time="0.705" /><testcase classname="backend.tests.test_portpasslh_auth.TestAuthEndpoints" name="test_session_missing_id_returns_400" time="0.170" /><testcase classname="backend.tests.test_portpasslh_auth.TestAuthEndpoints" name="test_session_invalid_id_returns_401" time="0.315" /><testcase classname="backend.tests.test_portpasslh_auth.TestAuthEndpoints" name="test_logout_deletes_session" time="1.228" /><testcase classname="backend.tests.test_portpasslh_auth.TestPublicReads" name="test_list_works_public" time="0.150" /><testcase classname="backend.tests.test_portpasslh_auth.TestPublicReads" name="test_history_public" time="0.201" /><testcase classname="backend.tests.test_portpasslh_auth.TestPublicReads" name="test_stats_public" time="0.210" /><testcase classname="backend.tests.test_portpasslh_auth.TestStatusUpdateAuth" name="test_update_without_token_401" time="0.117" /><testcase classname="backend.tests.test_portpasslh_auth.TestStatusUpdateAuth" name="test_update_with_non_admin_403" time="0.509" /><testcase classname="backend.tests.test_portpasslh_auth.TestStatusUpdateAuth" name="test_update_with_admin_200_and_history" time="0.675" /><testcase classname="backend.tests.test_portpasslh_auth.TestStatusUpdateAuth" name="test_update_unknown_returns_404" time="0.161" /><testcase classname="backend.tests.test_portpasslh_auth.TestStatusUpdateAuth" name="test_update_invalid_status_422" time="0.158" /><testcase classname="backend.tests.test_portpasslh_auth.TestRefreshHaropa" name="test_refresh_without_token_401" time="0.117" /><testcase classname="backend.tests.test_portpasslh_auth.TestRefreshHaropa" name="test_refresh_with_non_admin_403" time="0.116" /><testcase classname="backend.tests.test_portpasslh_auth.TestRefreshHaropa" name="test_refresh_with_admin_200" time="1.167" /></testsuite></testsuites>