<?xml version="1.0" encoding="utf-8"?><testsuites name="pytest tests"><testsuite name="pytest" errors="0" failures="0" skipped="0" tests="7" time="1.876" timestamp="2026-05-05T17:20:58.648713+00:00" hostname="agent-env-eb4c5836-043c-4dd0-9b6c-abf3c914bec2"><testcase classname="backend.tests.test_portpasslh" name="test_list_works_returns_13" time="0.154" /><testcase classname="backend.tests.test_portpasslh" name="test_update_status_and_history" time="0.273" /><testcase classname="backend.tests.test_portpasslh" name="test_update_unknown_returns_404" time="0.063" /><testcase classname="backend.tests.test_portpasslh" name="test_update_invalid_status_422" time="0.064" /><testcase classname="backend.tests.test_portpasslh" name="test_global_history" time="0.780" /><testcase classname="backend.tests.test_portpasslh" name="test_stats" time="0.066" /><testcase classname="backend.tests.test_portpasslh" name="test_refresh_graceful" time="0.409" /></testsuite></testsuites>